[0.384s] DEBUG:colcon:Command line arguments: ['/home/mathias/.local/bin/colcon', 'build', '--symlink-install']
[0.384s] DEBUG:colcon:Parsed command line arguments: Namespace(ament_cmake_args=None, base_paths=['.'], build_base='build', catkin_cmake_args=None, catkin_skip_building_tests=False, cmake_args=None, cmake_clean_cache=False, cmake_clean_first=False, cmake_force_configure=False, cmake_target=None, cmake_target_skip_unavailable=False, continue_on_error=False, event_handlers=None, executor='parallel', ignore_user_meta=False, install_base='install', log_base=None, log_level=None, main=<bound method BuildVerb.main of <colcon_core.verb.build.BuildVerb object at 0x7f6ecc867970>>, merge_install=False, metas=['./colcon.meta'], packages_above=None, packages_above_and_dependencies=None, packages_above_depth=None, packages_end=None, packages_ignore=None, packages_ignore_regex=None, packages_select=None, packages_select_build_failed=False, packages_select_by_dep=None, packages_select_regex=None, packages_select_test_failures=False, packages_skip=None, packages_skip_build_finished=False, packages_skip_by_dep=None, packages_skip_regex=None, packages_skip_test_passed=False, packages_skip_up_to=None, packages_start=None, packages_up_to=None, packages_up_to_regex=None, parallel_workers=1, paths=None, symlink_install=True, test_result_base=None, verb_extension=<colcon_core.verb.build.BuildVerb object at 0x7f6ecc867970>, verb_name='build', verb_parser=<colcon_defaults.argument_parser.defaults.DefaultArgumentsDecorator object at 0x7f6ecc867ee0>)
[0.409s] Level 1:colcon.colcon_core.package_discovery:discover_packages(colcon_meta) check parameters
[0.410s] Level 1:colcon.colcon_core.package_discovery:discover_packages(recursive) check parameters
[0.410s] Level 1:colcon.colcon_core.package_discovery:discover_packages(ignore) check parameters
[0.410s] Level 1:colcon.colcon_core.package_discovery:discover_packages(path) check parameters
[0.411s] Level 1:colcon.colcon_core.package_discovery:discover_packages(colcon_meta) discover
[0.411s] Level 1:colcon.colcon_core.package_discovery:discover_packages(recursive) discover
[0.411s] INFO:colcon.colcon_core.package_discovery:Crawling recursively for packages in '/home/mathias/git/dev_ws'
[0.412s] Level 1:colcon.colcon_core.package_identification:_identify(.) by extensions ['ignore', 'ignore_ament_install']
[0.412s] Level 1:colcon.colcon_core.package_identification:_identify(.) by extension 'ignore'
[0.412s] Level 1:colcon.colcon_core.package_identification:_identify(.) by extension 'ignore_ament_install'
[0.413s] Level 1:colcon.colcon_core.package_identification:_identify(.) by extensions ['colcon_pkg']
[0.413s] Level 1:colcon.colcon_core.package_identification:_identify(.) by extension 'colcon_pkg'
[0.414s] Level 1:colcon.colcon_core.package_identification:_identify(.) by extensions ['colcon_meta']
[0.414s] Level 1:colcon.colcon_core.package_identification:_identify(.) by extension 'colcon_meta'
[0.414s] Level 1:colcon.colcon_core.package_identification:_identify(.) by extensions ['ros']
[0.414s] Level 1:colcon.colcon_core.package_identification:_identify(.) by extension 'ros'
[0.425s] Level 1:colcon.colcon_core.package_identification:_identify(.) by extensions ['cmake', 'python']
[0.425s] Level 1:colcon.colcon_core.package_identification:_identify(.) by extension 'cmake'
[0.425s] Level 1:colcon.colcon_core.package_identification:_identify(.) by extension 'python'
[0.426s] Level 1:colcon.colcon_core.package_identification:_identify(.) by extensions ['python_setup_py']
[0.426s] Level 1:colcon.colcon_core.package_identification:_identify(.) by extension 'python_setup_py'
[0.427s] Level 1:colcon.colcon_core.package_identification:_identify(build) by extensions ['ignore', 'ignore_ament_install']
[0.427s] Level 1:colcon.colcon_core.package_identification:_identify(build) by extension 'ignore'
[0.427s] Level 1:colcon.colcon_core.package_identification:_identify(build) ignored
[0.428s] Level 1:colcon.colcon_core.package_identification:_identify(install) by extensions ['ignore', 'ignore_ament_install']
[0.428s] Level 1:colcon.colcon_core.package_identification:_identify(install) by extension 'ignore'
[0.428s] Level 1:colcon.colcon_core.package_identification:_identify(install) ignored
[0.429s] Level 1:colcon.colcon_core.package_identification:_identify(log) by extensions ['ignore', 'ignore_ament_install']
[0.429s] Level 1:colcon.colcon_core.package_identification:_identify(log) by extension 'ignore'
[0.429s] Level 1:colcon.colcon_core.package_identification:_identify(log) ignored
[0.429s] Level 1:colcon.colcon_core.package_identification:_identify(src) by extensions ['ignore', 'ignore_ament_install']
[0.429s] Level 1:colcon.colcon_core.package_identification:_identify(src) by extension 'ignore'
[0.429s] Level 1:colcon.colcon_core.package_identification:_identify(src) by extension 'ignore_ament_install'
[0.429s] Level 1:colcon.colcon_core.package_identification:_identify(src) by extensions ['colcon_pkg']
[0.429s] Level 1:colcon.colcon_core.package_identification:_identify(src) by extension 'colcon_pkg'
[0.429s] Level 1:colcon.colcon_core.package_identification:_identify(src) by extensions ['colcon_meta']
[0.429s] Level 1:colcon.colcon_core.package_identification:_identify(src) by extension 'colcon_meta'
[0.429s] Level 1:colcon.colcon_core.package_identification:_identify(src) by extensions ['ros']
[0.430s] Level 1:colcon.colcon_core.package_identification:_identify(src) by extension 'ros'
[0.430s] Level 1:colcon.colcon_core.package_identification:_identify(src) by extensions ['cmake', 'python']
[0.430s] Level 1:colcon.colcon_core.package_identification:_identify(src) by extension 'cmake'
[0.430s] Level 1:colcon.colcon_core.package_identification:_identify(src) by extension 'python'
[0.430s] Level 1:colcon.colcon_core.package_identification:_identify(src) by extensions ['python_setup_py']
[0.430s] Level 1:colcon.colcon_core.package_identification:_identify(src) by extension 'python_setup_py'
[0.430s] Level 1:colcon.colcon_core.package_identification:_identify(tpk4128_opencv_camera) by extensions ['ignore', 'ignore_ament_install']
[0.430s] Level 1:colcon.colcon_core.package_identification:_identify(tpk4128_opencv_camera) by extension 'ignore'
[0.430s] Level 1:colcon.colcon_core.package_identification:_identify(tpk4128_opencv_camera) by extension 'ignore_ament_install'
[0.430s] Level 1:colcon.colcon_core.package_identification:_identify(tpk4128_opencv_camera) by extensions ['colcon_pkg']
[0.430s] Level 1:colcon.colcon_core.package_identification:_identify(tpk4128_opencv_camera) by extension 'colcon_pkg'
[0.430s] Level 1:colcon.colcon_core.package_identification:_identify(tpk4128_opencv_camera) by extensions ['colcon_meta']
[0.430s] Level 1:colcon.colcon_core.package_identification:_identify(tpk4128_opencv_camera) by extension 'colcon_meta'
[0.430s] Level 1:colcon.colcon_core.package_identification:_identify(tpk4128_opencv_camera) by extensions ['ros']
[0.430s] Level 1:colcon.colcon_core.package_identification:_identify(tpk4128_opencv_camera) by extension 'ros'
[0.432s] DEBUG:colcon.colcon_core.package_identification:Package 'tpk4128_opencv_camera' with type 'ros.ament_python' and name 'tpk4128_opencv_camera'
[0.432s] Level 1:colcon.colcon_core.package_discovery:discover_packages(recursive) using defaults
[0.432s] Level 1:colcon.colcon_core.package_discovery:discover_packages(ignore) discover
[0.432s] Level 1:colcon.colcon_core.package_discovery:discover_packages(ignore) using defaults
[0.432s] Level 1:colcon.colcon_core.package_discovery:discover_packages(path) discover
[0.432s] Level 1:colcon.colcon_core.package_discovery:discover_packages(path) using defaults
[0.457s] Level 5:colcon.colcon_core.verb:set package 'tpk4128_opencv_camera' build argument 'cmake_args' from command line to 'None'
[0.457s] Level 5:colcon.colcon_core.verb:set package 'tpk4128_opencv_camera' build argument 'cmake_target' from command line to 'None'
[0.458s] Level 5:colcon.colcon_core.verb:set package 'tpk4128_opencv_camera' build argument 'cmake_target_skip_unavailable' from command line to 'False'
[0.458s] Level 5:colcon.colcon_core.verb:set package 'tpk4128_opencv_camera' build argument 'cmake_clean_cache' from command line to 'False'
[0.458s] Level 5:colcon.colcon_core.verb:set package 'tpk4128_opencv_camera' build argument 'cmake_clean_first' from command line to 'False'
[0.459s] Level 5:colcon.colcon_core.verb:set package 'tpk4128_opencv_camera' build argument 'cmake_force_configure' from command line to 'False'
[0.461s] Level 5:colcon.colcon_core.verb:set package 'tpk4128_opencv_camera' build argument 'ament_cmake_args' from command line to 'None'
[0.461s] Level 5:colcon.colcon_core.verb:set package 'tpk4128_opencv_camera' build argument 'catkin_cmake_args' from command line to 'None'
[0.461s] Level 5:colcon.colcon_core.verb:set package 'tpk4128_opencv_camera' build argument 'catkin_skip_building_tests' from command line to 'False'
[0.461s] DEBUG:colcon.colcon_core.verb:Building package 'tpk4128_opencv_camera' with the following arguments: {'ament_cmake_args': None, 'build_base': '/home/mathias/git/dev_ws/build/tpk4128_opencv_camera', 'catkin_cmake_args': None, 'catkin_skip_building_tests': False, 'cmake_args': None, 'cmake_clean_cache': False, 'cmake_clean_first': False, 'cmake_force_configure': False, 'cmake_target': None, 'cmake_target_skip_unavailable': False, 'install_base': '/home/mathias/git/dev_ws/install/tpk4128_opencv_camera', 'merge_install': False, 'path': '/home/mathias/git/dev_ws/tpk4128_opencv_camera', 'symlink_install': True, 'test_result_base': None}
[0.463s] INFO:colcon.colcon_core.executor:Executing jobs using 'parallel' executor
[0.475s] DEBUG:colcon.colcon_parallel_executor.executor.parallel:run_until_complete
[0.476s] INFO:colcon.colcon_ros.task.ament_python.build:Building ROS package in '/home/mathias/git/dev_ws/tpk4128_opencv_camera' with build type 'ament_python'
[0.477s] Level 1:colcon.colcon_core.shell:create_environment_hook('tpk4128_opencv_camera', 'ament_prefix_path')
[0.493s] INFO:colcon.colcon_core.plugin_system:Skipping extension 'colcon_core.shell.bat': Not used on non-Windows systems
[0.495s] INFO:colcon.colcon_core.shell:Creating environment hook '/home/mathias/git/dev_ws/install/tpk4128_opencv_camera/share/tpk4128_opencv_camera/hook/ament_prefix_path.ps1'
[0.495s] INFO:colcon.colcon_core.shell:Creating environment descriptor '/home/mathias/git/dev_ws/install/tpk4128_opencv_camera/share/tpk4128_opencv_camera/hook/ament_prefix_path.dsv'
[0.496s] INFO:colcon.colcon_core.shell:Creating environment hook '/home/mathias/git/dev_ws/install/tpk4128_opencv_camera/share/tpk4128_opencv_camera/hook/ament_prefix_path.sh'
[0.506s] INFO:colcon.colcon_core.shell:Skip shell extension 'powershell' for command environment: Not usable outside of PowerShell
[0.506s] DEBUG:colcon.colcon_core.shell:Skip shell extension 'dsv' for command environment
[0.523s] DEBUG:colcon.colcon_core.shell:Ignoring prefix path '/opt/ros/foxy'
[0.784s] INFO:colcon.colcon_core.task.python.build:Building Python package in '/home/mathias/git/dev_ws/tpk4128_opencv_camera'
[0.794s] INFO:colcon.colcon_core.shell:Skip shell extension 'powershell' for command environment: Not usable outside of PowerShell
[0.794s] DEBUG:colcon.colcon_core.shell:Skip shell extension 'dsv' for command environment
[0.798s] DEBUG:colcon.colcon_core.shell:Ignoring prefix path '/opt/ros/foxy'
[0.815s] DEBUG:colcon.colcon_core.event_handler.log_command:Invoking command in '/home/mathias/git/dev_ws/build/tpk4128_opencv_camera': PYTHONPATH=/home/mathias/git/dev_ws/install/tpk4128_opencv_camera/lib/python3.8/site-packages:${PYTHONPATH} /usr/bin/python3 setup.py develop --prefix /home/mathias/git/dev_ws/install/tpk4128_opencv_camera --editable --build-directory /home/mathias/git/dev_ws/build/tpk4128_opencv_camera/build --no-deps install_data --install-dir /home/mathias/git/dev_ws/install/tpk4128_opencv_camera
[1.314s] Level 1:colcon.colcon_core.shell:create_environment_hook('tpk4128_opencv_camera', 'pythonpath_develop')
[1.316s] DEBUG:colcon.colcon_core.event_handler.log_command:Invoked command in '/home/mathias/git/dev_ws/build/tpk4128_opencv_camera' returned '0': PYTHONPATH=/home/mathias/git/dev_ws/install/tpk4128_opencv_camera/lib/python3.8/site-packages:${PYTHONPATH} /usr/bin/python3 setup.py develop --prefix /home/mathias/git/dev_ws/install/tpk4128_opencv_camera --editable --build-directory /home/mathias/git/dev_ws/build/tpk4128_opencv_camera/build --no-deps install_data --install-dir /home/mathias/git/dev_ws/install/tpk4128_opencv_camera
[1.323s] INFO:colcon.colcon_core.shell:Creating environment hook '/home/mathias/git/dev_ws/build/tpk4128_opencv_camera/share/tpk4128_opencv_camera/hook/pythonpath_develop.ps1'
[1.327s] INFO:colcon.colcon_core.shell:Creating environment descriptor '/home/mathias/git/dev_ws/build/tpk4128_opencv_camera/share/tpk4128_opencv_camera/hook/pythonpath_develop.dsv'
[1.328s] INFO:colcon.colcon_core.shell:Creating environment hook '/home/mathias/git/dev_ws/build/tpk4128_opencv_camera/share/tpk4128_opencv_camera/hook/pythonpath_develop.sh'
[1.338s] Level 1:colcon.colcon_core.environment:checking '/home/mathias/git/dev_ws/install/tpk4128_opencv_camera' for CMake module files
[1.339s] Level 1:colcon.colcon_core.environment:checking '/home/mathias/git/dev_ws/install/tpk4128_opencv_camera' for CMake config files
[1.341s] Level 1:colcon.colcon_core.environment:checking '/home/mathias/git/dev_ws/install/tpk4128_opencv_camera/lib'
[1.341s] Level 1:colcon.colcon_core.environment:checking '/home/mathias/git/dev_ws/install/tpk4128_opencv_camera/bin'
[1.342s] Level 1:colcon.colcon_core.environment:checking '/home/mathias/git/dev_ws/install/tpk4128_opencv_camera/lib/pkgconfig/tpk4128_opencv_camera.pc'
[1.342s] Level 1:colcon.colcon_core.environment:checking '/home/mathias/git/dev_ws/install/tpk4128_opencv_camera/lib/python3.8/site-packages'
[1.343s] Level 1:colcon.colcon_core.shell:create_environment_hook('tpk4128_opencv_camera', 'pythonpath')
[1.348s] INFO:colcon.colcon_core.shell:Creating environment hook '/home/mathias/git/dev_ws/install/tpk4128_opencv_camera/share/tpk4128_opencv_camera/hook/pythonpath.ps1'
[1.351s] INFO:colcon.colcon_core.shell:Creating environment descriptor '/home/mathias/git/dev_ws/install/tpk4128_opencv_camera/share/tpk4128_opencv_camera/hook/pythonpath.dsv'
[1.352s] INFO:colcon.colcon_core.shell:Creating environment hook '/home/mathias/git/dev_ws/install/tpk4128_opencv_camera/share/tpk4128_opencv_camera/hook/pythonpath.sh'
[1.353s] Level 1:colcon.colcon_core.environment:create_environment_scripts_only(tpk4128_opencv_camera)
[1.361s] INFO:colcon.colcon_core.shell:Creating package script '/home/mathias/git/dev_ws/install/tpk4128_opencv_camera/share/tpk4128_opencv_camera/package.ps1'
[1.365s] INFO:colcon.colcon_core.shell:Creating package descriptor '/home/mathias/git/dev_ws/install/tpk4128_opencv_camera/share/tpk4128_opencv_camera/package.dsv'
[1.366s] INFO:colcon.colcon_core.shell:Creating package script '/home/mathias/git/dev_ws/install/tpk4128_opencv_camera/share/tpk4128_opencv_camera/package.sh'
[1.368s] INFO:colcon.colcon_core.shell:Creating package script '/home/mathias/git/dev_ws/install/tpk4128_opencv_camera/share/tpk4128_opencv_camera/package.bash'
[1.369s] INFO:colcon.colcon_core.shell:Creating package script '/home/mathias/git/dev_ws/install/tpk4128_opencv_camera/share/tpk4128_opencv_camera/package.zsh'
[1.369s] Level 1:colcon.colcon_core.environment:create_file_with_runtime_dependencies(/home/mathias/git/dev_ws/install/tpk4128_opencv_camera/share/colcon-core/packages/tpk4128_opencv_camera)
[1.373s] DEBUG:colcon.colcon_parallel_executor.executor.parallel:closing loop
[1.377s] DEBUG:colcon.colcon_parallel_executor.executor.parallel:loop closed
[1.377s] DEBUG:colcon.colcon_parallel_executor.executor.parallel:run_until_complete finished with '0'
[1.377s] DEBUG:colcon.colcon_core.event_reactor:joining thread
[1.391s] INFO:colcon.colcon_core.plugin_system:Skipping extension 'colcon_notification.desktop_notification.terminal_notifier': Not used on non-Darwin systems
[1.391s] INFO:colcon.colcon_core.plugin_system:Skipping extension 'colcon_notification.desktop_notification.win32': Not used on non-Windows systems
[1.391s] INFO:colcon.colcon_notification.desktop_notification:Sending desktop notification using 'notify2'
[1.415s] DEBUG:colcon.colcon_core.event_reactor:joined thread
[1.421s] INFO:colcon.colcon_core.shell:Creating prefix script '/home/mathias/git/dev_ws/install/local_setup.ps1'
[1.435s] INFO:colcon.colcon_core.shell:Creating prefix util module '/home/mathias/git/dev_ws/install/_local_setup_util_ps1.py'
[1.437s] INFO:colcon.colcon_core.shell:Creating prefix chain script '/home/mathias/git/dev_ws/install/setup.ps1'
[1.451s] INFO:colcon.colcon_core.shell:Creating prefix script '/home/mathias/git/dev_ws/install/local_setup.sh'
[1.456s] INFO:colcon.colcon_core.shell:Creating prefix util module '/home/mathias/git/dev_ws/install/_local_setup_util_sh.py'
[1.457s] INFO:colcon.colcon_core.shell:Creating prefix chain script '/home/mathias/git/dev_ws/install/setup.sh'
[1.469s] INFO:colcon.colcon_core.shell:Creating prefix script '/home/mathias/git/dev_ws/install/local_setup.bash'
[1.470s] INFO:colcon.colcon_core.shell:Creating prefix chain script '/home/mathias/git/dev_ws/install/setup.bash'
[1.492s] INFO:colcon.colcon_core.shell:Creating prefix script '/home/mathias/git/dev_ws/install/local_setup.zsh'
[1.492s] INFO:colcon.colcon_core.shell:Creating prefix chain script '/home/mathias/git/dev_ws/install/setup.zsh'
