[0.377s] DEBUG:colcon:Command line arguments: ['/home/mathias/.local/bin/colcon', 'build', '--symlink-install']
[0.377s] DEBUG:colcon:Parsed command line arguments: Namespace(ament_cmake_args=None, base_paths=['.'], build_base='build', catkin_cmake_args=None, catkin_skip_building_tests=False, cmake_args=None, cmake_clean_cache=False, cmake_clean_first=False, cmake_force_configure=False, cmake_target=None, cmake_target_skip_unavailable=False, continue_on_error=False, event_handlers=None, executor='parallel', ignore_user_meta=False, install_base='install', log_base=None, log_level=None, main=<bound method BuildVerb.main of <colcon_core.verb.build.BuildVerb object at 0x7f46d4168520>>, merge_install=False, metas=['./colcon.meta'], packages_above=None, packages_above_and_dependencies=None, packages_above_depth=None, packages_end=None, packages_ignore=None, packages_ignore_regex=None, packages_select=None, packages_select_build_failed=False, packages_select_by_dep=None, packages_select_regex=None, packages_select_test_failures=False, packages_skip=None, packages_skip_build_finished=False, packages_skip_by_dep=None, packages_skip_regex=None, packages_skip_test_passed=False, packages_skip_up_to=None, packages_start=None, packages_up_to=None, packages_up_to_regex=None, parallel_workers=1, paths=None, symlink_install=True, test_result_base=None, verb_extension=<colcon_core.verb.build.BuildVerb object at 0x7f46d4168520>, verb_name='build', verb_parser=<colcon_defaults.argument_parser.defaults.DefaultArgumentsDecorator object at 0x7f46d4168a60>)
[0.402s] Level 1:colcon.colcon_core.package_discovery:discover_packages(colcon_meta) check parameters
[0.402s] Level 1:colcon.colcon_core.package_discovery:discover_packages(recursive) check parameters
[0.402s] Level 1:colcon.colcon_core.package_discovery:discover_packages(ignore) check parameters
[0.403s] Level 1:colcon.colcon_core.package_discovery:discover_packages(path) check parameters
[0.403s] Level 1:colcon.colcon_core.package_discovery:discover_packages(colcon_meta) discover
[0.403s] Level 1:colcon.colcon_core.package_discovery:discover_packages(recursive) discover
[0.403s] INFO:colcon.colcon_core.package_discovery:Crawling recursively for packages in '/home/mathias/git/dev_ws'
[0.404s] Level 1:colcon.colcon_core.package_identification:_identify(.) by extensions ['ignore', 'ignore_ament_install']
[0.404s] Level 1:colcon.colcon_core.package_identification:_identify(.) by extension 'ignore'
[0.404s] Level 1:colcon.colcon_core.package_identification:_identify(.) by extension 'ignore_ament_install'
[0.404s] Level 1:colcon.colcon_core.package_identification:_identify(.) by extensions ['colcon_pkg']
[0.405s] Level 1:colcon.colcon_core.package_identification:_identify(.) by extension 'colcon_pkg'
[0.405s] Level 1:colcon.colcon_core.package_identification:_identify(.) by extensions ['colcon_meta']
[0.405s] Level 1:colcon.colcon_core.package_identification:_identify(.) by extension 'colcon_meta'
[0.405s] Level 1:colcon.colcon_core.package_identification:_identify(.) by extensions ['ros']
[0.406s] Level 1:colcon.colcon_core.package_identification:_identify(.) by extension 'ros'
[0.415s] Level 1:colcon.colcon_core.package_identification:_identify(.) by extensions ['cmake', 'python']
[0.416s] Level 1:colcon.colcon_core.package_identification:_identify(.) by extension 'cmake'
[0.416s] Level 1:colcon.colcon_core.package_identification:_identify(.) by extension 'python'
[0.416s] Level 1:colcon.colcon_core.package_identification:_identify(.) by extensions ['python_setup_py']
[0.417s] Level 1:colcon.colcon_core.package_identification:_identify(.) by extension 'python_setup_py'
[0.417s] Level 1:colcon.colcon_core.package_identification:_identify(build) by extensions ['ignore', 'ignore_ament_install']
[0.417s] Level 1:colcon.colcon_core.package_identification:_identify(build) by extension 'ignore'
[0.418s] Level 1:colcon.colcon_core.package_identification:_identify(build) ignored
[0.418s] Level 1:colcon.colcon_core.package_identification:_identify(install) by extensions ['ignore', 'ignore_ament_install']
[0.418s] Level 1:colcon.colcon_core.package_identification:_identify(install) by extension 'ignore'
[0.419s] Level 1:colcon.colcon_core.package_identification:_identify(install) ignored
[0.419s] Level 1:colcon.colcon_core.package_identification:_identify(log) by extensions ['ignore', 'ignore_ament_install']
[0.419s] Level 1:colcon.colcon_core.package_identification:_identify(log) by extension 'ignore'
[0.419s] Level 1:colcon.colcon_core.package_identification:_identify(log) ignored
[0.420s] Level 1:colcon.colcon_core.package_identification:_identify(src) by extensions ['ignore', 'ignore_ament_install']
[0.420s] Level 1:colcon.colcon_core.package_identification:_identify(src) by extension 'ignore'
[0.420s] Level 1:colcon.colcon_core.package_identification:_identify(src) by extension 'ignore_ament_install'
[0.421s] Level 1:colcon.colcon_core.package_identification:_identify(src) by extensions ['colcon_pkg']
[0.421s] Level 1:colcon.colcon_core.package_identification:_identify(src) by extension 'colcon_pkg'
[0.421s] Level 1:colcon.colcon_core.package_identification:_identify(src) by extensions ['colcon_meta']
[0.421s] Level 1:colcon.colcon_core.package_identification:_identify(src) by extension 'colcon_meta'
[0.421s] Level 1:colcon.colcon_core.package_identification:_identify(src) by extensions ['ros']
[0.421s] Level 1:colcon.colcon_core.package_identification:_identify(src) by extension 'ros'
[0.421s] Level 1:colcon.colcon_core.package_identification:_identify(src) by extensions ['cmake', 'python']
[0.421s] Level 1:colcon.colcon_core.package_identification:_identify(src) by extension 'cmake'
[0.421s] Level 1:colcon.colcon_core.package_identification:_identify(src) by extension 'python'
[0.421s] Level 1:colcon.colcon_core.package_identification:_identify(src) by extensions ['python_setup_py']
[0.421s] Level 1:colcon.colcon_core.package_identification:_identify(src) by extension 'python_setup_py'
[0.422s] Level 1:colcon.colcon_core.package_identification:_identify(tpk4128_opencv_camera) by extensions ['ignore', 'ignore_ament_install']
[0.422s] Level 1:colcon.colcon_core.package_identification:_identify(tpk4128_opencv_camera) by extension 'ignore'
[0.422s] Level 1:colcon.colcon_core.package_identification:_identify(tpk4128_opencv_camera) by extension 'ignore_ament_install'
[0.422s] Level 1:colcon.colcon_core.package_identification:_identify(tpk4128_opencv_camera) by extensions ['colcon_pkg']
[0.422s] Level 1:colcon.colcon_core.package_identification:_identify(tpk4128_opencv_camera) by extension 'colcon_pkg'
[0.423s] Level 1:colcon.colcon_core.package_identification:_identify(tpk4128_opencv_camera) by extensions ['colcon_meta']
[0.423s] Level 1:colcon.colcon_core.package_identification:_identify(tpk4128_opencv_camera) by extension 'colcon_meta'
[0.423s] Level 1:colcon.colcon_core.package_identification:_identify(tpk4128_opencv_camera) by extensions ['ros']
[0.423s] Level 1:colcon.colcon_core.package_identification:_identify(tpk4128_opencv_camera) by extension 'ros'
[0.425s] DEBUG:colcon.colcon_core.package_identification:Package 'tpk4128_opencv_camera' with type 'ros.ament_python' and name 'tpk4128_opencv_camera'
[0.425s] Level 1:colcon.colcon_core.package_discovery:discover_packages(recursive) using defaults
[0.425s] Level 1:colcon.colcon_core.package_discovery:discover_packages(ignore) discover
[0.425s] Level 1:colcon.colcon_core.package_discovery:discover_packages(ignore) using defaults
[0.425s] Level 1:colcon.colcon_core.package_discovery:discover_packages(path) discover
[0.425s] Level 1:colcon.colcon_core.package_discovery:discover_packages(path) using defaults
[0.455s] Level 5:colcon.colcon_core.verb:set package 'tpk4128_opencv_camera' build argument 'cmake_args' from command line to 'None'
[0.456s] Level 5:colcon.colcon_core.verb:set package 'tpk4128_opencv_camera' build argument 'cmake_target' from command line to 'None'
[0.456s] Level 5:colcon.colcon_core.verb:set package 'tpk4128_opencv_camera' build argument 'cmake_target_skip_unavailable' from command line to 'False'
[0.457s] Level 5:colcon.colcon_core.verb:set package 'tpk4128_opencv_camera' build argument 'cmake_clean_cache' from command line to 'False'
[0.457s] Level 5:colcon.colcon_core.verb:set package 'tpk4128_opencv_camera' build argument 'cmake_clean_first' from command line to 'False'
[0.457s] Level 5:colcon.colcon_core.verb:set package 'tpk4128_opencv_camera' build argument 'cmake_force_configure' from command line to 'False'
[0.457s] Level 5:colcon.colcon_core.verb:set package 'tpk4128_opencv_camera' build argument 'ament_cmake_args' from command line to 'None'
[0.457s] Level 5:colcon.colcon_core.verb:set package 'tpk4128_opencv_camera' build argument 'catkin_cmake_args' from command line to 'None'
[0.458s] Level 5:colcon.colcon_core.verb:set package 'tpk4128_opencv_camera' build argument 'catkin_skip_building_tests' from command line to 'False'
[0.458s] DEBUG:colcon.colcon_core.verb:Building package 'tpk4128_opencv_camera' with the following arguments: {'ament_cmake_args': None, 'build_base': '/home/mathias/git/dev_ws/build/tpk4128_opencv_camera', 'catkin_cmake_args': None, 'catkin_skip_building_tests': False, 'cmake_args': None, 'cmake_clean_cache': False, 'cmake_clean_first': False, 'cmake_force_configure': False, 'cmake_target': None, 'cmake_target_skip_unavailable': False, 'install_base': '/home/mathias/git/dev_ws/install/tpk4128_opencv_camera', 'merge_install': False, 'path': '/home/mathias/git/dev_ws/tpk4128_opencv_camera', 'symlink_install': True, 'test_result_base': None}
[0.460s] INFO:colcon.colcon_core.executor:Executing jobs using 'parallel' executor
[0.478s] DEBUG:colcon.colcon_parallel_executor.executor.parallel:run_until_complete
[0.478s] INFO:colcon.colcon_ros.task.ament_python.build:Building ROS package in '/home/mathias/git/dev_ws/tpk4128_opencv_camera' with build type 'ament_python'
[0.478s] Level 1:colcon.colcon_core.shell:create_environment_hook('tpk4128_opencv_camera', 'ament_prefix_path')
[0.487s] INFO:colcon.colcon_core.plugin_system:Skipping extension 'colcon_core.shell.bat': Not used on non-Windows systems
[0.487s] INFO:colcon.colcon_core.shell:Creating environment hook '/home/mathias/git/dev_ws/install/tpk4128_opencv_camera/share/tpk4128_opencv_camera/hook/ament_prefix_path.ps1'
[0.488s] INFO:colcon.colcon_core.shell:Creating environment descriptor '/home/mathias/git/dev_ws/install/tpk4128_opencv_camera/share/tpk4128_opencv_camera/hook/ament_prefix_path.dsv'
[0.497s] INFO:colcon.colcon_core.shell:Creating environment hook '/home/mathias/git/dev_ws/install/tpk4128_opencv_camera/share/tpk4128_opencv_camera/hook/ament_prefix_path.sh'
[0.508s] INFO:colcon.colcon_core.shell:Skip shell extension 'powershell' for command environment: Not usable outside of PowerShell
[0.508s] DEBUG:colcon.colcon_core.shell:Skip shell extension 'dsv' for command environment
[0.514s] DEBUG:colcon.colcon_core.shell:Ignoring prefix path '/opt/ros/foxy'
[0.779s] INFO:colcon.colcon_core.task.python.build:Building Python package in '/home/mathias/git/dev_ws/tpk4128_opencv_camera'
[0.784s] INFO:colcon.colcon_core.shell:Skip shell extension 'powershell' for command environment: Not usable outside of PowerShell
[0.784s] DEBUG:colcon.colcon_core.shell:Skip shell extension 'dsv' for command environment
[0.790s] DEBUG:colcon.colcon_core.shell:Ignoring prefix path '/opt/ros/foxy'
[0.814s] DEBUG:colcon.colcon_core.event_handler.log_command:Invoking command in '/home/mathias/git/dev_ws/build/tpk4128_opencv_camera': PYTHONPATH=/home/mathias/git/dev_ws/install/tpk4128_opencv_camera/lib/python3.8/site-packages:${PYTHONPATH} /usr/bin/python3 setup.py develop --prefix /home/mathias/git/dev_ws/install/tpk4128_opencv_camera --editable --build-directory /home/mathias/git/dev_ws/build/tpk4128_opencv_camera/build --no-deps install_data --install-dir /home/mathias/git/dev_ws/install/tpk4128_opencv_camera
[1.332s] Level 1:colcon.colcon_core.shell:create_environment_hook('tpk4128_opencv_camera', 'pythonpath_develop')
[1.335s] DEBUG:colcon.colcon_core.event_handler.log_command:Invoked command in '/home/mathias/git/dev_ws/build/tpk4128_opencv_camera' returned '0': PYTHONPATH=/home/mathias/git/dev_ws/install/tpk4128_opencv_camera/lib/python3.8/site-packages:${PYTHONPATH} /usr/bin/python3 setup.py develop --prefix /home/mathias/git/dev_ws/install/tpk4128_opencv_camera --editable --build-directory /home/mathias/git/dev_ws/build/tpk4128_opencv_camera/build --no-deps install_data --install-dir /home/mathias/git/dev_ws/install/tpk4128_opencv_camera
[1.340s] INFO:colcon.colcon_core.shell:Creating environment hook '/home/mathias/git/dev_ws/build/tpk4128_opencv_camera/share/tpk4128_opencv_camera/hook/pythonpath_develop.ps1'
[1.343s] INFO:colcon.colcon_core.shell:Creating environment descriptor '/home/mathias/git/dev_ws/build/tpk4128_opencv_camera/share/tpk4128_opencv_camera/hook/pythonpath_develop.dsv'
[1.345s] INFO:colcon.colcon_core.shell:Creating environment hook '/home/mathias/git/dev_ws/build/tpk4128_opencv_camera/share/tpk4128_opencv_camera/hook/pythonpath_develop.sh'
[1.355s] Level 1:colcon.colcon_core.environment:checking '/home/mathias/git/dev_ws/install/tpk4128_opencv_camera' for CMake module files
[1.356s] Level 1:colcon.colcon_core.environment:checking '/home/mathias/git/dev_ws/install/tpk4128_opencv_camera' for CMake config files
[1.357s] Level 1:colcon.colcon_core.environment:checking '/home/mathias/git/dev_ws/install/tpk4128_opencv_camera/lib'
[1.358s] Level 1:colcon.colcon_core.environment:checking '/home/mathias/git/dev_ws/install/tpk4128_opencv_camera/bin'
[1.358s] Level 1:colcon.colcon_core.environment:checking '/home/mathias/git/dev_ws/install/tpk4128_opencv_camera/lib/pkgconfig/tpk4128_opencv_camera.pc'
[1.358s] Level 1:colcon.colcon_core.environment:checking '/home/mathias/git/dev_ws/install/tpk4128_opencv_camera/lib/python3.8/site-packages'
[1.359s] Level 1:colcon.colcon_core.shell:create_environment_hook('tpk4128_opencv_camera', 'pythonpath')
[1.364s] INFO:colcon.colcon_core.shell:Creating environment hook '/home/mathias/git/dev_ws/install/tpk4128_opencv_camera/share/tpk4128_opencv_camera/hook/pythonpath.ps1'
[1.367s] INFO:colcon.colcon_core.shell:Creating environment descriptor '/home/mathias/git/dev_ws/install/tpk4128_opencv_camera/share/tpk4128_opencv_camera/hook/pythonpath.dsv'
[1.368s] INFO:colcon.colcon_core.shell:Creating environment hook '/home/mathias/git/dev_ws/install/tpk4128_opencv_camera/share/tpk4128_opencv_camera/hook/pythonpath.sh'
[1.370s] Level 1:colcon.colcon_core.environment:create_environment_scripts_only(tpk4128_opencv_camera)
[1.375s] INFO:colcon.colcon_core.shell:Creating package script '/home/mathias/git/dev_ws/install/tpk4128_opencv_camera/share/tpk4128_opencv_camera/package.ps1'
[1.378s] INFO:colcon.colcon_core.shell:Creating package descriptor '/home/mathias/git/dev_ws/install/tpk4128_opencv_camera/share/tpk4128_opencv_camera/package.dsv'
[1.383s] INFO:colcon.colcon_core.shell:Creating package script '/home/mathias/git/dev_ws/install/tpk4128_opencv_camera/share/tpk4128_opencv_camera/package.sh'
[1.383s] INFO:colcon.colcon_core.shell:Creating package script '/home/mathias/git/dev_ws/install/tpk4128_opencv_camera/share/tpk4128_opencv_camera/package.bash'
[1.384s] INFO:colcon.colcon_core.shell:Creating package script '/home/mathias/git/dev_ws/install/tpk4128_opencv_camera/share/tpk4128_opencv_camera/package.zsh'
[1.385s] Level 1:colcon.colcon_core.environment:create_file_with_runtime_dependencies(/home/mathias/git/dev_ws/install/tpk4128_opencv_camera/share/colcon-core/packages/tpk4128_opencv_camera)
[1.389s] DEBUG:colcon.colcon_parallel_executor.executor.parallel:closing loop
[1.390s] DEBUG:colcon.colcon_parallel_executor.executor.parallel:loop closed
[1.390s] DEBUG:colcon.colcon_parallel_executor.executor.parallel:run_until_complete finished with '0'
[1.390s] DEBUG:colcon.colcon_core.event_reactor:joining thread
[1.401s] INFO:colcon.colcon_core.plugin_system:Skipping extension 'colcon_notification.desktop_notification.terminal_notifier': Not used on non-Darwin systems
[1.402s] INFO:colcon.colcon_core.plugin_system:Skipping extension 'colcon_notification.desktop_notification.win32': Not used on non-Windows systems
[1.402s] INFO:colcon.colcon_notification.desktop_notification:Sending desktop notification using 'notify2'
[1.425s] DEBUG:colcon.colcon_core.event_reactor:joined thread
[1.430s] INFO:colcon.colcon_core.shell:Creating prefix script '/home/mathias/git/dev_ws/install/local_setup.ps1'
[1.431s] INFO:colcon.colcon_core.shell:Creating prefix util module '/home/mathias/git/dev_ws/install/_local_setup_util_ps1.py'
[1.446s] INFO:colcon.colcon_core.shell:Creating prefix chain script '/home/mathias/git/dev_ws/install/setup.ps1'
[1.457s] INFO:colcon.colcon_core.shell:Creating prefix script '/home/mathias/git/dev_ws/install/local_setup.sh'
[1.460s] INFO:colcon.colcon_core.shell:Creating prefix util module '/home/mathias/git/dev_ws/install/_local_setup_util_sh.py'
[1.460s] INFO:colcon.colcon_core.shell:Creating prefix chain script '/home/mathias/git/dev_ws/install/setup.sh'
[1.479s] INFO:colcon.colcon_core.shell:Creating prefix script '/home/mathias/git/dev_ws/install/local_setup.bash'
[1.481s] INFO:colcon.colcon_core.shell:Creating prefix chain script '/home/mathias/git/dev_ws/install/setup.bash'
[1.486s] INFO:colcon.colcon_core.shell:Creating prefix script '/home/mathias/git/dev_ws/install/local_setup.zsh'
[1.495s] INFO:colcon.colcon_core.shell:Creating prefix chain script '/home/mathias/git/dev_ws/install/setup.zsh'
