[0.338s] DEBUG:colcon:Command line arguments: ['/home/mathias/.local/bin/colcon', 'build', '--symlink-install']
[0.338s] DEBUG:colcon:Parsed command line arguments: Namespace(ament_cmake_args=None, base_paths=['.'], build_base='build', catkin_cmake_args=None, catkin_skip_building_tests=False, cmake_args=None, cmake_clean_cache=False, cmake_clean_first=False, cmake_force_configure=False, cmake_target=None, cmake_target_skip_unavailable=False, continue_on_error=False, event_handlers=None, executor='parallel', ignore_user_meta=False, install_base='install', log_base=None, log_level=None, main=<bound method BuildVerb.main of <colcon_core.verb.build.BuildVerb object at 0x7f2b8e5e6ac0>>, merge_install=False, metas=['./colcon.meta'], packages_above=None, packages_above_and_dependencies=None, packages_above_depth=None, packages_end=None, packages_ignore=None, packages_ignore_regex=None, packages_select=None, packages_select_build_failed=False, packages_select_by_dep=None, packages_select_regex=None, packages_select_test_failures=False, packages_skip=None, packages_skip_build_finished=False, packages_skip_by_dep=None, packages_skip_regex=None, packages_skip_test_passed=False, packages_skip_up_to=None, packages_start=None, packages_up_to=None, packages_up_to_regex=None, parallel_workers=1, paths=None, symlink_install=True, test_result_base=None, verb_extension=<colcon_core.verb.build.BuildVerb object at 0x7f2b8e5e6ac0>, verb_name='build', verb_parser=<colcon_defaults.argument_parser.defaults.DefaultArgumentsDecorator object at 0x7f2b8e601040>)
[0.361s] Level 1:colcon.colcon_core.package_discovery:discover_packages(colcon_meta) check parameters
[0.361s] Level 1:colcon.colcon_core.package_discovery:discover_packages(recursive) check parameters
[0.362s] Level 1:colcon.colcon_core.package_discovery:discover_packages(ignore) check parameters
[0.362s] Level 1:colcon.colcon_core.package_discovery:discover_packages(path) check parameters
[0.362s] Level 1:colcon.colcon_core.package_discovery:discover_packages(colcon_meta) discover
[0.363s] Level 1:colcon.colcon_core.package_discovery:discover_packages(recursive) discover
[0.363s] INFO:colcon.colcon_core.package_discovery:Crawling recursively for packages in '/home/mathias/git/TPK4128-IndMech/Assignment-6'
[0.363s] Level 1:colcon.colcon_core.package_identification:_identify(.) by extensions ['ignore', 'ignore_ament_install']
[0.363s] Level 1:colcon.colcon_core.package_identification:_identify(.) by extension 'ignore'
[0.364s] Level 1:colcon.colcon_core.package_identification:_identify(.) by extension 'ignore_ament_install'
[0.364s] Level 1:colcon.colcon_core.package_identification:_identify(.) by extensions ['colcon_pkg']
[0.364s] Level 1:colcon.colcon_core.package_identification:_identify(.) by extension 'colcon_pkg'
[0.365s] Level 1:colcon.colcon_core.package_identification:_identify(.) by extensions ['colcon_meta']
[0.365s] Level 1:colcon.colcon_core.package_identification:_identify(.) by extension 'colcon_meta'
[0.365s] Level 1:colcon.colcon_core.package_identification:_identify(.) by extensions ['ros']
[0.365s] Level 1:colcon.colcon_core.package_identification:_identify(.) by extension 'ros'
[0.374s] Level 1:colcon.colcon_core.package_identification:_identify(.) by extensions ['cmake', 'python']
[0.375s] Level 1:colcon.colcon_core.package_identification:_identify(.) by extension 'cmake'
[0.375s] Level 1:colcon.colcon_core.package_identification:_identify(.) by extension 'python'
[0.375s] Level 1:colcon.colcon_core.package_identification:_identify(.) by extensions ['python_setup_py']
[0.375s] Level 1:colcon.colcon_core.package_identification:_identify(.) by extension 'python_setup_py'
[0.376s] Level 1:colcon.colcon_core.package_identification:_identify(build) by extensions ['ignore', 'ignore_ament_install']
[0.376s] Level 1:colcon.colcon_core.package_identification:_identify(build) by extension 'ignore'
[0.376s] Level 1:colcon.colcon_core.package_identification:_identify(build) ignored
[0.377s] Level 1:colcon.colcon_core.package_identification:_identify(install) by extensions ['ignore', 'ignore_ament_install']
[0.377s] Level 1:colcon.colcon_core.package_identification:_identify(install) by extension 'ignore'
[0.377s] Level 1:colcon.colcon_core.package_identification:_identify(install) ignored
[0.378s] Level 1:colcon.colcon_core.package_identification:_identify(log) by extensions ['ignore', 'ignore_ament_install']
[0.378s] Level 1:colcon.colcon_core.package_identification:_identify(log) by extension 'ignore'
[0.378s] Level 1:colcon.colcon_core.package_identification:_identify(log) ignored
[0.379s] Level 1:colcon.colcon_core.package_identification:_identify(src) by extensions ['ignore', 'ignore_ament_install']
[0.379s] Level 1:colcon.colcon_core.package_identification:_identify(src) by extension 'ignore'
[0.379s] Level 1:colcon.colcon_core.package_identification:_identify(src) by extension 'ignore_ament_install'
[0.379s] Level 1:colcon.colcon_core.package_identification:_identify(src) by extensions ['colcon_pkg']
[0.379s] Level 1:colcon.colcon_core.package_identification:_identify(src) by extension 'colcon_pkg'
[0.379s] Level 1:colcon.colcon_core.package_identification:_identify(src) by extensions ['colcon_meta']
[0.379s] Level 1:colcon.colcon_core.package_identification:_identify(src) by extension 'colcon_meta'
[0.379s] Level 1:colcon.colcon_core.package_identification:_identify(src) by extensions ['ros']
[0.379s] Level 1:colcon.colcon_core.package_identification:_identify(src) by extension 'ros'
[0.382s] DEBUG:colcon.colcon_core.package_identification:Package 'src' with type 'ros.ament_python' and name 'tpk4128_opencv_camera'
[0.382s] Level 1:colcon.colcon_core.package_discovery:discover_packages(recursive) using defaults
[0.382s] Level 1:colcon.colcon_core.package_discovery:discover_packages(ignore) discover
[0.383s] Level 1:colcon.colcon_core.package_discovery:discover_packages(ignore) using defaults
[0.383s] Level 1:colcon.colcon_core.package_discovery:discover_packages(path) discover
[0.383s] Level 1:colcon.colcon_core.package_discovery:discover_packages(path) using defaults
[0.397s] Level 5:colcon.colcon_core.verb:set package 'tpk4128_opencv_camera' build argument 'cmake_args' from command line to 'None'
[0.398s] Level 5:colcon.colcon_core.verb:set package 'tpk4128_opencv_camera' build argument 'cmake_target' from command line to 'None'
[0.398s] Level 5:colcon.colcon_core.verb:set package 'tpk4128_opencv_camera' build argument 'cmake_target_skip_unavailable' from command line to 'False'
[0.398s] Level 5:colcon.colcon_core.verb:set package 'tpk4128_opencv_camera' build argument 'cmake_clean_cache' from command line to 'False'
[0.398s] Level 5:colcon.colcon_core.verb:set package 'tpk4128_opencv_camera' build argument 'cmake_clean_first' from command line to 'False'
[0.399s] Level 5:colcon.colcon_core.verb:set package 'tpk4128_opencv_camera' build argument 'cmake_force_configure' from command line to 'False'
[0.399s] Level 5:colcon.colcon_core.verb:set package 'tpk4128_opencv_camera' build argument 'ament_cmake_args' from command line to 'None'
[0.400s] Level 5:colcon.colcon_core.verb:set package 'tpk4128_opencv_camera' build argument 'catkin_cmake_args' from command line to 'None'
[0.400s] Level 5:colcon.colcon_core.verb:set package 'tpk4128_opencv_camera' build argument 'catkin_skip_building_tests' from command line to 'False'
[0.400s] DEBUG:colcon.colcon_core.verb:Building package 'tpk4128_opencv_camera' with the following arguments: {'ament_cmake_args': None, 'build_base': '/home/mathias/git/TPK4128-IndMech/Assignment-6/build/tpk4128_opencv_camera', 'catkin_cmake_args': None, 'catkin_skip_building_tests': False, 'cmake_args': None, 'cmake_clean_cache': False, 'cmake_clean_first': False, 'cmake_force_configure': False, 'cmake_target': None, 'cmake_target_skip_unavailable': False, 'install_base': '/home/mathias/git/TPK4128-IndMech/Assignment-6/install/tpk4128_opencv_camera', 'merge_install': False, 'path': '/home/mathias/git/TPK4128-IndMech/Assignment-6/src', 'symlink_install': True, 'test_result_base': None}
[0.402s] INFO:colcon.colcon_core.executor:Executing jobs using 'parallel' executor
[0.411s] DEBUG:colcon.colcon_parallel_executor.executor.parallel:run_until_complete
[0.413s] INFO:colcon.colcon_ros.task.ament_python.build:Building ROS package in '/home/mathias/git/TPK4128-IndMech/Assignment-6/src' with build type 'ament_python'
[0.414s] Level 1:colcon.colcon_core.shell:create_environment_hook('tpk4128_opencv_camera', 'ament_prefix_path')
[0.420s] INFO:colcon.colcon_core.plugin_system:Skipping extension 'colcon_core.shell.bat': Not used on non-Windows systems
[0.429s] INFO:colcon.colcon_core.shell:Creating environment hook '/home/mathias/git/TPK4128-IndMech/Assignment-6/install/tpk4128_opencv_camera/share/tpk4128_opencv_camera/hook/ament_prefix_path.ps1'
[0.432s] INFO:colcon.colcon_core.shell:Creating environment descriptor '/home/mathias/git/TPK4128-IndMech/Assignment-6/install/tpk4128_opencv_camera/share/tpk4128_opencv_camera/hook/ament_prefix_path.dsv'
[0.434s] INFO:colcon.colcon_core.shell:Creating environment hook '/home/mathias/git/TPK4128-IndMech/Assignment-6/install/tpk4128_opencv_camera/share/tpk4128_opencv_camera/hook/ament_prefix_path.sh'
[0.440s] INFO:colcon.colcon_core.shell:Skip shell extension 'powershell' for command environment: Not usable outside of PowerShell
[0.441s] DEBUG:colcon.colcon_core.shell:Skip shell extension 'dsv' for command environment
[0.657s] INFO:colcon.colcon_core.task.python.build:Building Python package in '/home/mathias/git/TPK4128-IndMech/Assignment-6/src'
[0.662s] INFO:colcon.colcon_core.shell:Skip shell extension 'powershell' for command environment: Not usable outside of PowerShell
[0.664s] DEBUG:colcon.colcon_core.shell:Skip shell extension 'dsv' for command environment
[0.684s] DEBUG:colcon.colcon_core.event_handler.log_command:Invoking command in '/home/mathias/git/TPK4128-IndMech/Assignment-6/build/tpk4128_opencv_camera': PYTHONPATH=/home/mathias/git/TPK4128-IndMech/Assignment-6/install/tpk4128_opencv_camera/lib/python3.8/site-packages: /usr/bin/python3 setup.py develop --prefix /home/mathias/git/TPK4128-IndMech/Assignment-6/install/tpk4128_opencv_camera --editable --build-directory /home/mathias/git/TPK4128-IndMech/Assignment-6/build/tpk4128_opencv_camera/build --no-deps install_data --install-dir /home/mathias/git/TPK4128-IndMech/Assignment-6/install/tpk4128_opencv_camera
[1.065s] Level 1:colcon.colcon_core.shell:create_environment_hook('tpk4128_opencv_camera', 'pythonpath_develop')
[1.077s] DEBUG:colcon.colcon_core.event_handler.log_command:Invoked command in '/home/mathias/git/TPK4128-IndMech/Assignment-6/build/tpk4128_opencv_camera' returned '0': PYTHONPATH=/home/mathias/git/TPK4128-IndMech/Assignment-6/install/tpk4128_opencv_camera/lib/python3.8/site-packages: /usr/bin/python3 setup.py develop --prefix /home/mathias/git/TPK4128-IndMech/Assignment-6/install/tpk4128_opencv_camera --editable --build-directory /home/mathias/git/TPK4128-IndMech/Assignment-6/build/tpk4128_opencv_camera/build --no-deps install_data --install-dir /home/mathias/git/TPK4128-IndMech/Assignment-6/install/tpk4128_opencv_camera
[1.078s] INFO:colcon.colcon_core.shell:Creating environment hook '/home/mathias/git/TPK4128-IndMech/Assignment-6/build/tpk4128_opencv_camera/share/tpk4128_opencv_camera/hook/pythonpath_develop.ps1'
[1.080s] INFO:colcon.colcon_core.shell:Creating environment descriptor '/home/mathias/git/TPK4128-IndMech/Assignment-6/build/tpk4128_opencv_camera/share/tpk4128_opencv_camera/hook/pythonpath_develop.dsv'
[1.082s] INFO:colcon.colcon_core.shell:Creating environment hook '/home/mathias/git/TPK4128-IndMech/Assignment-6/build/tpk4128_opencv_camera/share/tpk4128_opencv_camera/hook/pythonpath_develop.sh'
[1.105s] Level 1:colcon.colcon_core.environment:checking '/home/mathias/git/TPK4128-IndMech/Assignment-6/install/tpk4128_opencv_camera' for CMake module files
[1.105s] Level 1:colcon.colcon_core.environment:checking '/home/mathias/git/TPK4128-IndMech/Assignment-6/install/tpk4128_opencv_camera' for CMake config files
[1.106s] Level 1:colcon.colcon_core.environment:checking '/home/mathias/git/TPK4128-IndMech/Assignment-6/install/tpk4128_opencv_camera/lib'
[1.106s] Level 1:colcon.colcon_core.environment:checking '/home/mathias/git/TPK4128-IndMech/Assignment-6/install/tpk4128_opencv_camera/bin'
[1.106s] Level 1:colcon.colcon_core.environment:checking '/home/mathias/git/TPK4128-IndMech/Assignment-6/install/tpk4128_opencv_camera/lib/pkgconfig/tpk4128_opencv_camera.pc'
[1.106s] Level 1:colcon.colcon_core.environment:checking '/home/mathias/git/TPK4128-IndMech/Assignment-6/install/tpk4128_opencv_camera/lib/python3.8/site-packages'
[1.106s] Level 1:colcon.colcon_core.shell:create_environment_hook('tpk4128_opencv_camera', 'pythonpath')
[1.110s] INFO:colcon.colcon_core.shell:Creating environment hook '/home/mathias/git/TPK4128-IndMech/Assignment-6/install/tpk4128_opencv_camera/share/tpk4128_opencv_camera/hook/pythonpath.ps1'
[1.110s] INFO:colcon.colcon_core.shell:Creating environment descriptor '/home/mathias/git/TPK4128-IndMech/Assignment-6/install/tpk4128_opencv_camera/share/tpk4128_opencv_camera/hook/pythonpath.dsv'
[1.113s] INFO:colcon.colcon_core.shell:Creating environment hook '/home/mathias/git/TPK4128-IndMech/Assignment-6/install/tpk4128_opencv_camera/share/tpk4128_opencv_camera/hook/pythonpath.sh'
[1.113s] Level 1:colcon.colcon_core.environment:create_environment_scripts_only(tpk4128_opencv_camera)
[1.118s] INFO:colcon.colcon_core.shell:Creating package script '/home/mathias/git/TPK4128-IndMech/Assignment-6/install/tpk4128_opencv_camera/share/tpk4128_opencv_camera/package.ps1'
[1.118s] INFO:colcon.colcon_core.shell:Creating package descriptor '/home/mathias/git/TPK4128-IndMech/Assignment-6/install/tpk4128_opencv_camera/share/tpk4128_opencv_camera/package.dsv'
[1.124s] INFO:colcon.colcon_core.shell:Creating package script '/home/mathias/git/TPK4128-IndMech/Assignment-6/install/tpk4128_opencv_camera/share/tpk4128_opencv_camera/package.sh'
[1.126s] INFO:colcon.colcon_core.shell:Creating package script '/home/mathias/git/TPK4128-IndMech/Assignment-6/install/tpk4128_opencv_camera/share/tpk4128_opencv_camera/package.bash'
[1.127s] INFO:colcon.colcon_core.shell:Creating package script '/home/mathias/git/TPK4128-IndMech/Assignment-6/install/tpk4128_opencv_camera/share/tpk4128_opencv_camera/package.zsh'
[1.129s] Level 1:colcon.colcon_core.environment:create_file_with_runtime_dependencies(/home/mathias/git/TPK4128-IndMech/Assignment-6/install/tpk4128_opencv_camera/share/colcon-core/packages/tpk4128_opencv_camera)
[1.132s] DEBUG:colcon.colcon_parallel_executor.executor.parallel:closing loop
[1.132s] DEBUG:colcon.colcon_parallel_executor.executor.parallel:loop closed
[1.132s] DEBUG:colcon.colcon_parallel_executor.executor.parallel:run_until_complete finished with '0'
[1.132s] DEBUG:colcon.colcon_core.event_reactor:joining thread
[1.140s] INFO:colcon.colcon_core.plugin_system:Skipping extension 'colcon_notification.desktop_notification.terminal_notifier': Not used on non-Darwin systems
[1.143s] INFO:colcon.colcon_core.plugin_system:Skipping extension 'colcon_notification.desktop_notification.win32': Not used on non-Windows systems
[1.143s] INFO:colcon.colcon_notification.desktop_notification:Sending desktop notification using 'notify2'
[1.159s] DEBUG:colcon.colcon_core.event_reactor:joined thread
[1.169s] INFO:colcon.colcon_core.shell:Creating prefix script '/home/mathias/git/TPK4128-IndMech/Assignment-6/install/local_setup.ps1'
[1.175s] INFO:colcon.colcon_core.shell:Creating prefix util module '/home/mathias/git/TPK4128-IndMech/Assignment-6/install/_local_setup_util_ps1.py'
[1.176s] INFO:colcon.colcon_core.shell:Creating prefix chain script '/home/mathias/git/TPK4128-IndMech/Assignment-6/install/setup.ps1'
[1.196s] INFO:colcon.colcon_core.shell:Creating prefix script '/home/mathias/git/TPK4128-IndMech/Assignment-6/install/local_setup.sh'
[1.197s] INFO:colcon.colcon_core.shell:Creating prefix util module '/home/mathias/git/TPK4128-IndMech/Assignment-6/install/_local_setup_util_sh.py'
[1.197s] INFO:colcon.colcon_core.shell:Creating prefix chain script '/home/mathias/git/TPK4128-IndMech/Assignment-6/install/setup.sh'
[1.214s] INFO:colcon.colcon_core.shell:Creating prefix script '/home/mathias/git/TPK4128-IndMech/Assignment-6/install/local_setup.bash'
[1.214s] INFO:colcon.colcon_core.shell:Creating prefix chain script '/home/mathias/git/TPK4128-IndMech/Assignment-6/install/setup.bash'
[1.218s] INFO:colcon.colcon_core.shell:Creating prefix script '/home/mathias/git/TPK4128-IndMech/Assignment-6/install/local_setup.zsh'
[1.226s] INFO:colcon.colcon_core.shell:Creating prefix chain script '/home/mathias/git/TPK4128-IndMech/Assignment-6/install/setup.zsh'
