[0.925s] DEBUG:colcon:Command line arguments: ['/home/mathias/.local/bin/colcon', 'build', '--symlink-install']
[0.925s] DEBUG:colcon:Parsed command line arguments: Namespace(ament_cmake_args=None, base_paths=['.'], build_base='build', catkin_cmake_args=None, catkin_skip_building_tests=False, cmake_args=None, cmake_clean_cache=False, cmake_clean_first=False, cmake_force_configure=False, cmake_target=None, cmake_target_skip_unavailable=False, continue_on_error=False, event_handlers=None, executor='parallel', ignore_user_meta=False, install_base='install', log_base=None, log_level=None, main=<bound method BuildVerb.main of <colcon_core.verb.build.BuildVerb object at 0x7f2efc699550>>, merge_install=False, metas=['./colcon.meta'], packages_above=None, packages_above_and_dependencies=None, packages_above_depth=None, packages_end=None, packages_ignore=None, packages_ignore_regex=None, packages_select=None, packages_select_build_failed=False, packages_select_by_dep=None, packages_select_regex=None, packages_select_test_failures=False, packages_skip=None, packages_skip_build_finished=False, packages_skip_by_dep=None, packages_skip_regex=None, packages_skip_test_passed=False, packages_skip_up_to=None, packages_start=None, packages_up_to=None, packages_up_to_regex=None, parallel_workers=1, paths=None, symlink_install=True, test_result_base=None, verb_extension=<colcon_core.verb.build.BuildVerb object at 0x7f2efc699550>, verb_name='build', verb_parser=<colcon_defaults.argument_parser.defaults.DefaultArgumentsDecorator object at 0x7f2efc699a90>)
[0.975s] Level 1:colcon.colcon_core.package_discovery:discover_packages(colcon_meta) check parameters
[0.975s] Level 1:colcon.colcon_core.package_discovery:discover_packages(recursive) check parameters
[0.975s] Level 1:colcon.colcon_core.package_discovery:discover_packages(ignore) check parameters
[0.975s] Level 1:colcon.colcon_core.package_discovery:discover_packages(path) check parameters
[0.975s] Level 1:colcon.colcon_core.package_discovery:discover_packages(colcon_meta) discover
[0.975s] Level 1:colcon.colcon_core.package_discovery:discover_packages(recursive) discover
[0.975s] INFO:colcon.colcon_core.package_discovery:Crawling recursively for packages in '/home/mathias/git/dev_ws'
[0.975s] Level 1:colcon.colcon_core.package_identification:_identify(.) by extensions ['ignore', 'ignore_ament_install']
[0.975s] Level 1:colcon.colcon_core.package_identification:_identify(.) by extension 'ignore'
[0.975s] Level 1:colcon.colcon_core.package_identification:_identify(.) by extension 'ignore_ament_install'
[0.976s] Level 1:colcon.colcon_core.package_identification:_identify(.) by extensions ['colcon_pkg']
[0.976s] Level 1:colcon.colcon_core.package_identification:_identify(.) by extension 'colcon_pkg'
[0.976s] Level 1:colcon.colcon_core.package_identification:_identify(.) by extensions ['colcon_meta']
[0.976s] Level 1:colcon.colcon_core.package_identification:_identify(.) by extension 'colcon_meta'
[0.976s] Level 1:colcon.colcon_core.package_identification:_identify(.) by extensions ['ros']
[0.976s] Level 1:colcon.colcon_core.package_identification:_identify(.) by extension 'ros'
[0.995s] Level 1:colcon.colcon_core.package_identification:_identify(.) by extensions ['cmake', 'python']
[0.995s] Level 1:colcon.colcon_core.package_identification:_identify(.) by extension 'cmake'
[0.995s] Level 1:colcon.colcon_core.package_identification:_identify(.) by extension 'python'
[0.995s] Level 1:colcon.colcon_core.package_identification:_identify(.) by extensions ['python_setup_py']
[0.995s] Level 1:colcon.colcon_core.package_identification:_identify(.) by extension 'python_setup_py'
[0.995s] Level 1:colcon.colcon_core.package_identification:_identify(build) by extensions ['ignore', 'ignore_ament_install']
[0.995s] Level 1:colcon.colcon_core.package_identification:_identify(build) by extension 'ignore'
[0.996s] Level 1:colcon.colcon_core.package_identification:_identify(build) ignored
[0.996s] Level 1:colcon.colcon_core.package_identification:_identify(install) by extensions ['ignore', 'ignore_ament_install']
[0.996s] Level 1:colcon.colcon_core.package_identification:_identify(install) by extension 'ignore'
[0.996s] Level 1:colcon.colcon_core.package_identification:_identify(install) ignored
[0.996s] Level 1:colcon.colcon_core.package_identification:_identify(log) by extensions ['ignore', 'ignore_ament_install']
[0.996s] Level 1:colcon.colcon_core.package_identification:_identify(log) by extension 'ignore'
[0.996s] Level 1:colcon.colcon_core.package_identification:_identify(log) ignored
[0.997s] Level 1:colcon.colcon_core.package_identification:_identify(src) by extensions ['ignore', 'ignore_ament_install']
[0.997s] Level 1:colcon.colcon_core.package_identification:_identify(src) by extension 'ignore'
[0.997s] Level 1:colcon.colcon_core.package_identification:_identify(src) by extension 'ignore_ament_install'
[0.997s] Level 1:colcon.colcon_core.package_identification:_identify(src) by extensions ['colcon_pkg']
[0.997s] Level 1:colcon.colcon_core.package_identification:_identify(src) by extension 'colcon_pkg'
[0.997s] Level 1:colcon.colcon_core.package_identification:_identify(src) by extensions ['colcon_meta']
[0.998s] Level 1:colcon.colcon_core.package_identification:_identify(src) by extension 'colcon_meta'
[0.998s] Level 1:colcon.colcon_core.package_identification:_identify(src) by extensions ['ros']
[0.998s] Level 1:colcon.colcon_core.package_identification:_identify(src) by extension 'ros'
[0.998s] Level 1:colcon.colcon_core.package_identification:_identify(src) by extensions ['cmake', 'python']
[0.998s] Level 1:colcon.colcon_core.package_identification:_identify(src) by extension 'cmake'
[0.998s] Level 1:colcon.colcon_core.package_identification:_identify(src) by extension 'python'
[0.998s] Level 1:colcon.colcon_core.package_identification:_identify(src) by extensions ['python_setup_py']
[0.998s] Level 1:colcon.colcon_core.package_identification:_identify(src) by extension 'python_setup_py'
[0.999s] Level 1:colcon.colcon_core.package_identification:_identify(tpk4128_opencv_camera) by extensions ['ignore', 'ignore_ament_install']
[0.999s] Level 1:colcon.colcon_core.package_identification:_identify(tpk4128_opencv_camera) by extension 'ignore'
[0.999s] Level 1:colcon.colcon_core.package_identification:_identify(tpk4128_opencv_camera) by extension 'ignore_ament_install'
[0.999s] Level 1:colcon.colcon_core.package_identification:_identify(tpk4128_opencv_camera) by extensions ['colcon_pkg']
[0.999s] Level 1:colcon.colcon_core.package_identification:_identify(tpk4128_opencv_camera) by extension 'colcon_pkg'
[0.999s] Level 1:colcon.colcon_core.package_identification:_identify(tpk4128_opencv_camera) by extensions ['colcon_meta']
[0.999s] Level 1:colcon.colcon_core.package_identification:_identify(tpk4128_opencv_camera) by extension 'colcon_meta'
[0.999s] Level 1:colcon.colcon_core.package_identification:_identify(tpk4128_opencv_camera) by extensions ['ros']
[0.999s] Level 1:colcon.colcon_core.package_identification:_identify(tpk4128_opencv_camera) by extension 'ros'
[1.006s] DEBUG:colcon.colcon_core.package_identification:Package 'tpk4128_opencv_camera' with type 'ros.ament_python' and name 'tpk4128_opencv_camera'
[1.007s] Level 1:colcon.colcon_core.package_discovery:discover_packages(recursive) using defaults
[1.007s] Level 1:colcon.colcon_core.package_discovery:discover_packages(ignore) discover
[1.007s] Level 1:colcon.colcon_core.package_discovery:discover_packages(ignore) using defaults
[1.007s] Level 1:colcon.colcon_core.package_discovery:discover_packages(path) discover
[1.007s] Level 1:colcon.colcon_core.package_discovery:discover_packages(path) using defaults
[1.039s] Level 5:colcon.colcon_core.verb:set package 'tpk4128_opencv_camera' build argument 'cmake_args' from command line to 'None'
[1.039s] Level 5:colcon.colcon_core.verb:set package 'tpk4128_opencv_camera' build argument 'cmake_target' from command line to 'None'
[1.039s] Level 5:colcon.colcon_core.verb:set package 'tpk4128_opencv_camera' build argument 'cmake_target_skip_unavailable' from command line to 'False'
[1.039s] Level 5:colcon.colcon_core.verb:set package 'tpk4128_opencv_camera' build argument 'cmake_clean_cache' from command line to 'False'
[1.039s] Level 5:colcon.colcon_core.verb:set package 'tpk4128_opencv_camera' build argument 'cmake_clean_first' from command line to 'False'
[1.039s] Level 5:colcon.colcon_core.verb:set package 'tpk4128_opencv_camera' build argument 'cmake_force_configure' from command line to 'False'
[1.039s] Level 5:colcon.colcon_core.verb:set package 'tpk4128_opencv_camera' build argument 'ament_cmake_args' from command line to 'None'
[1.039s] Level 5:colcon.colcon_core.verb:set package 'tpk4128_opencv_camera' build argument 'catkin_cmake_args' from command line to 'None'
[1.039s] Level 5:colcon.colcon_core.verb:set package 'tpk4128_opencv_camera' build argument 'catkin_skip_building_tests' from command line to 'False'
[1.039s] DEBUG:colcon.colcon_core.verb:Building package 'tpk4128_opencv_camera' with the following arguments: {'ament_cmake_args': None, 'build_base': '/home/mathias/git/dev_ws/build/tpk4128_opencv_camera', 'catkin_cmake_args': None, 'catkin_skip_building_tests': False, 'cmake_args': None, 'cmake_clean_cache': False, 'cmake_clean_first': False, 'cmake_force_configure': False, 'cmake_target': None, 'cmake_target_skip_unavailable': False, 'install_base': '/home/mathias/git/dev_ws/install/tpk4128_opencv_camera', 'merge_install': False, 'path': '/home/mathias/git/dev_ws/tpk4128_opencv_camera', 'symlink_install': True, 'test_result_base': None}
[1.041s] INFO:colcon.colcon_core.executor:Executing jobs using 'parallel' executor
[1.053s] DEBUG:colcon.colcon_parallel_executor.executor.parallel:run_until_complete
[1.053s] INFO:colcon.colcon_ros.task.ament_python.build:Building ROS package in '/home/mathias/git/dev_ws/tpk4128_opencv_camera' with build type 'ament_python'
[1.053s] Level 1:colcon.colcon_core.shell:create_environment_hook('tpk4128_opencv_camera', 'ament_prefix_path')
[1.071s] INFO:colcon.colcon_core.plugin_system:Skipping extension 'colcon_core.shell.bat': Not used on non-Windows systems
[1.071s] INFO:colcon.colcon_core.shell:Creating environment hook '/home/mathias/git/dev_ws/install/tpk4128_opencv_camera/share/tpk4128_opencv_camera/hook/ament_prefix_path.ps1'
[1.073s] INFO:colcon.colcon_core.shell:Creating environment descriptor '/home/mathias/git/dev_ws/install/tpk4128_opencv_camera/share/tpk4128_opencv_camera/hook/ament_prefix_path.dsv'
[1.074s] INFO:colcon.colcon_core.shell:Creating environment hook '/home/mathias/git/dev_ws/install/tpk4128_opencv_camera/share/tpk4128_opencv_camera/hook/ament_prefix_path.sh'
[1.080s] INFO:colcon.colcon_core.shell:Skip shell extension 'powershell' for command environment: Not usable outside of PowerShell
[1.080s] DEBUG:colcon.colcon_core.shell:Skip shell extension 'dsv' for command environment
[1.094s] DEBUG:colcon.colcon_core.shell:Ignoring prefix path '/opt/ros/foxy'
[1.364s] INFO:colcon.colcon_core.task.python.build:Building Python package in '/home/mathias/git/dev_ws/tpk4128_opencv_camera'
[1.370s] INFO:colcon.colcon_core.shell:Skip shell extension 'powershell' for command environment: Not usable outside of PowerShell
[1.370s] DEBUG:colcon.colcon_core.shell:Skip shell extension 'dsv' for command environment
[1.374s] DEBUG:colcon.colcon_core.shell:Ignoring prefix path '/opt/ros/foxy'
[1.383s] DEBUG:colcon.colcon_core.event_handler.log_command:Invoking command in '/home/mathias/git/dev_ws/build/tpk4128_opencv_camera': PYTHONPATH=/home/mathias/git/dev_ws/install/tpk4128_opencv_camera/lib/python3.8/site-packages:${PYTHONPATH} /usr/bin/python3 setup.py develop --prefix /home/mathias/git/dev_ws/install/tpk4128_opencv_camera --editable --build-directory /home/mathias/git/dev_ws/build/tpk4128_opencv_camera/build --no-deps install_data --install-dir /home/mathias/git/dev_ws/install/tpk4128_opencv_camera
[1.980s] Level 1:colcon.colcon_core.shell:create_environment_hook('tpk4128_opencv_camera', 'pythonpath_develop')
[1.985s] INFO:colcon.colcon_core.shell:Creating environment hook '/home/mathias/git/dev_ws/build/tpk4128_opencv_camera/share/tpk4128_opencv_camera/hook/pythonpath_develop.ps1'
[1.986s] DEBUG:colcon.colcon_core.event_handler.log_command:Invoked command in '/home/mathias/git/dev_ws/build/tpk4128_opencv_camera' returned '0': PYTHONPATH=/home/mathias/git/dev_ws/install/tpk4128_opencv_camera/lib/python3.8/site-packages:${PYTHONPATH} /usr/bin/python3 setup.py develop --prefix /home/mathias/git/dev_ws/install/tpk4128_opencv_camera --editable --build-directory /home/mathias/git/dev_ws/build/tpk4128_opencv_camera/build --no-deps install_data --install-dir /home/mathias/git/dev_ws/install/tpk4128_opencv_camera
[1.986s] INFO:colcon.colcon_core.shell:Creating environment descriptor '/home/mathias/git/dev_ws/build/tpk4128_opencv_camera/share/tpk4128_opencv_camera/hook/pythonpath_develop.dsv'
[1.987s] INFO:colcon.colcon_core.shell:Creating environment hook '/home/mathias/git/dev_ws/build/tpk4128_opencv_camera/share/tpk4128_opencv_camera/hook/pythonpath_develop.sh'
[2.009s] Level 1:colcon.colcon_core.environment:checking '/home/mathias/git/dev_ws/install/tpk4128_opencv_camera' for CMake module files
[2.009s] Level 1:colcon.colcon_core.environment:checking '/home/mathias/git/dev_ws/install/tpk4128_opencv_camera' for CMake config files
[2.010s] Level 1:colcon.colcon_core.environment:checking '/home/mathias/git/dev_ws/install/tpk4128_opencv_camera/lib'
[2.010s] Level 1:colcon.colcon_core.environment:checking '/home/mathias/git/dev_ws/install/tpk4128_opencv_camera/bin'
[2.011s] Level 1:colcon.colcon_core.environment:checking '/home/mathias/git/dev_ws/install/tpk4128_opencv_camera/lib/pkgconfig/tpk4128_opencv_camera.pc'
[2.011s] Level 1:colcon.colcon_core.environment:checking '/home/mathias/git/dev_ws/install/tpk4128_opencv_camera/lib/python3.8/site-packages'
[2.011s] Level 1:colcon.colcon_core.shell:create_environment_hook('tpk4128_opencv_camera', 'pythonpath')
[2.016s] INFO:colcon.colcon_core.shell:Creating environment hook '/home/mathias/git/dev_ws/install/tpk4128_opencv_camera/share/tpk4128_opencv_camera/hook/pythonpath.ps1'
[2.017s] INFO:colcon.colcon_core.shell:Creating environment descriptor '/home/mathias/git/dev_ws/install/tpk4128_opencv_camera/share/tpk4128_opencv_camera/hook/pythonpath.dsv'
[2.017s] INFO:colcon.colcon_core.shell:Creating environment hook '/home/mathias/git/dev_ws/install/tpk4128_opencv_camera/share/tpk4128_opencv_camera/hook/pythonpath.sh'
[2.018s] Level 1:colcon.colcon_core.environment:create_environment_scripts_only(tpk4128_opencv_camera)
[2.023s] INFO:colcon.colcon_core.shell:Creating package script '/home/mathias/git/dev_ws/install/tpk4128_opencv_camera/share/tpk4128_opencv_camera/package.ps1'
[2.025s] INFO:colcon.colcon_core.shell:Creating package descriptor '/home/mathias/git/dev_ws/install/tpk4128_opencv_camera/share/tpk4128_opencv_camera/package.dsv'
[2.027s] INFO:colcon.colcon_core.shell:Creating package script '/home/mathias/git/dev_ws/install/tpk4128_opencv_camera/share/tpk4128_opencv_camera/package.sh'
[2.028s] INFO:colcon.colcon_core.shell:Creating package script '/home/mathias/git/dev_ws/install/tpk4128_opencv_camera/share/tpk4128_opencv_camera/package.bash'
[2.030s] INFO:colcon.colcon_core.shell:Creating package script '/home/mathias/git/dev_ws/install/tpk4128_opencv_camera/share/tpk4128_opencv_camera/package.zsh'
[2.032s] Level 1:colcon.colcon_core.environment:create_file_with_runtime_dependencies(/home/mathias/git/dev_ws/install/tpk4128_opencv_camera/share/colcon-core/packages/tpk4128_opencv_camera)
[2.033s] DEBUG:colcon.colcon_parallel_executor.executor.parallel:closing loop
[2.033s] DEBUG:colcon.colcon_parallel_executor.executor.parallel:loop closed
[2.033s] DEBUG:colcon.colcon_parallel_executor.executor.parallel:run_until_complete finished with '0'
[2.033s] DEBUG:colcon.colcon_core.event_reactor:joining thread
[2.061s] INFO:colcon.colcon_core.plugin_system:Skipping extension 'colcon_notification.desktop_notification.terminal_notifier': Not used on non-Darwin systems
[2.061s] INFO:colcon.colcon_core.plugin_system:Skipping extension 'colcon_notification.desktop_notification.win32': Not used on non-Windows systems
[2.061s] INFO:colcon.colcon_notification.desktop_notification:Sending desktop notification using 'notify2'
[2.088s] DEBUG:colcon.colcon_core.event_reactor:joined thread
[2.098s] INFO:colcon.colcon_core.shell:Creating prefix script '/home/mathias/git/dev_ws/install/local_setup.ps1'
[2.099s] INFO:colcon.colcon_core.shell:Creating prefix util module '/home/mathias/git/dev_ws/install/_local_setup_util_ps1.py'
[2.102s] INFO:colcon.colcon_core.shell:Creating prefix chain script '/home/mathias/git/dev_ws/install/setup.ps1'
[2.114s] INFO:colcon.colcon_core.shell:Creating prefix script '/home/mathias/git/dev_ws/install/local_setup.sh'
[2.118s] INFO:colcon.colcon_core.shell:Creating prefix util module '/home/mathias/git/dev_ws/install/_local_setup_util_sh.py'
[2.118s] INFO:colcon.colcon_core.shell:Creating prefix chain script '/home/mathias/git/dev_ws/install/setup.sh'
[2.128s] INFO:colcon.colcon_core.shell:Creating prefix script '/home/mathias/git/dev_ws/install/local_setup.bash'
[2.129s] INFO:colcon.colcon_core.shell:Creating prefix chain script '/home/mathias/git/dev_ws/install/setup.bash'
[2.138s] INFO:colcon.colcon_core.shell:Creating prefix script '/home/mathias/git/dev_ws/install/local_setup.zsh'
[2.141s] INFO:colcon.colcon_core.shell:Creating prefix chain script '/home/mathias/git/dev_ws/install/setup.zsh'
